#
# There is insufficient memory for the Java Runtime Environment to continue.
# Native memory allocation (mmap) failed to map 65536 bytes for Failed to commit metaspace.
# Possible reasons:
#   The system is out of physical RAM or swap space
#   The process is running with CompressedOops enabled, and the Java Heap may be blocking the growth of the native heap
# Possible solutions:
#   Reduce memory load on the system
#   Increase physical memory or swap space
#   Check if swap backing store is full
#   Decrease Java heap size (-Xmx/-Xms)
#   Decrease number of Java threads
#   Decrease Java thread stack sizes (-Xss)
#   Set larger code cache with -XX:ReservedCodeCacheSize=
#   JVM is running with Unscaled Compressed Oops mode in which the Java heap is
#     placed in the first 4GB address space. The Java Heap base address is the
#     maximum limit for the native heap growth. Please use -XX:HeapBaseMinAddress
#     to set the Java Heap base and to place the Java Heap above 4GB virtual address.
# This output file may be truncated or incomplete.
#
#  Out of Memory Error (virtualSpaceNode.cpp:110), pid=10892, tid=16416
#
# JRE version: OpenJDK Runtime Environment Temurin-17.0.7+7 (17.0.7+7) (build 17.0.7+7)
# Java VM: OpenJDK 64-Bit Server VM Temurin-17.0.7+7 (17.0.7+7, mixed mode, tiered, compressed oops, compressed class ptrs, g1 gc, windows-amd64)
# No core dump will be written. Minidumps are not enabled by default on client versions of Windows
#

---------------  S U M M A R Y ------------

Command Line: -Dfile.encoding=UTF-8 --module-path=C:\Users\12723131891\Downloads\Gerador-de-Senhas-main\Gerador-de-Senhas-main\Gerador_De_Senhas\bin -XX:+ShowCodeDetailsInExceptionMessages -Djdk.module.main=Gerador_De_Senhas Gerador_De_Senhas/application.Main

Host: Intel(R) Core(TM) i7-6700 CPU @ 3.40GHz, 8 cores, 7G,  Windows 10 , 64 bit Build 19041 (10.0.19041.3636)
Time: Mon Jun 10 18:50:26 2024 Hora oficial do Brasil elapsed time: 5.360399 seconds (0d 0h 0m 5s)

---------------  T H R E A D  ---------------

Current thread (0x0000020ced6d1030):  JavaThread "main" [_thread_in_vm, id=16416, stack(0x0000005cb8500000,0x0000005cb8600000)]

Stack: [0x0000005cb8500000,0x0000005cb8600000]
Native frames: (J=compiled Java code, j=interpreted, Vv=VM code, C=native code)
V  [jvm.dll+0x67754a]
V  [jvm.dll+0x834304]
V  [jvm.dll+0x835aae]
V  [jvm.dll+0x836113]
V  [jvm.dll+0x24696f]
V  [jvm.dll+0x83039b]
V  [jvm.dll+0x61c006]
V  [jvm.dll+0x61c06a]
V  [jvm.dll+0x61e89a]
V  [jvm.dll+0x61c9a6]
V  [jvm.dll+0x626887]
V  [jvm.dll+0x1eb47b]
V  [jvm.dll+0x1eb9b5]
V  [jvm.dll+0x1ec3ef]
V  [jvm.dll+0x1e1891]
V  [jvm.dll+0x53ea50]
V  [jvm.dll+0x1f2067]
V  [jvm.dll+0x7af05b]
V  [jvm.dll+0x7b0402]
V  [jvm.dll+0x7b0738]
V  [jvm.dll+0x23ec6e]
V  [jvm.dll+0x23eebf]
V  [jvm.dll+0x55c0a8]
V  [jvm.dll+0x55ef57]
V  [jvm.dll+0x384a64]
V  [jvm.dll+0x3840cf]
C  0x0000020c8754a459

Java frames: (J=compiled Java code, j=interpreted, Vv=VM code)
j  java.security.MessageDigest.getInstance(Ljava/lang/String;)Ljava/security/MessageDigest;+12 java.base@17.0.7
j  sun.security.provider.SeedGenerator$ThreadedSeedGenerator.<init>()V+24 java.base@17.0.7
j  sun.security.provider.SeedGenerator.<clinit>()V+233 java.base@17.0.7
v  ~StubRoutines::call_stub
j  sun.security.provider.AbstractDrbg$SeederHolder.<clinit>()V+28 java.base@17.0.7
v  ~StubRoutines::call_stub
j  sun.security.provider.AbstractDrbg.getEntropyInput(IIIZ)[B+87 java.base@17.0.7
j  sun.security.provider.AbstractDrbg.getEntropyInput(Z)[B+14 java.base@17.0.7
j  sun.security.provider.AbstractDrbg.instantiateIfNecessary([B)V+16 java.base@17.0.7
j  sun.security.provider.AbstractDrbg.engineNextBytes([BLjava/security/SecureRandomParameters;)V+162 java.base@17.0.7
j  sun.security.provider.AbstractDrbg.engineNextBytes([B)V+11 java.base@17.0.7
j  sun.security.provider.DRBG.engineNextBytes([B)V+5 java.base@17.0.7
j  java.security.SecureRandom.nextBytes([B)V+12 java.base@17.0.7
j  java.security.SecureRandom.next(I)I+17 java.base@17.0.7
j  java.util.Random.nextInt(I)I+17 java.base@17.0.7
j  entities.PasswordGenerator.limit(I)Ljava/lang/String;+42 Gerador_De_Senhas
j  entities.Act.register(Ljava/util/ArrayList;)V+378 Gerador_De_Senhas
j  application.Main.main([Ljava/lang/String;)V+61 Gerador_De_Senhas
v  ~StubRoutines::call_stub

---------------  P R O C E S S  ---------------

Threads class SMR info:
_java_thread_list=0x0000020cfa8c3b00, length=12, elements={
0x0000020ced6d1030, 0x0000020cfa623260, 0x0000020cfa6246e0, 0x0000020cfa60d870,
0x0000020cfa60e130, 0x0000020cfa60e9f0, 0x0000020cfa646900, 0x0000020cfa64fb10,
0x0000020cfa650410, 0x0000020cfa653d20, 0x0000020cfa7aa1d0, 0x0000020cfa8f1d00
}

Java Threads: ( => current thread )
=>0x0000020ced6d1030 JavaThread "main" [_thread_in_vm, id=16416, stack(0x0000005cb8500000,0x0000005cb8600000)]
  0x0000020cfa623260 JavaThread "Reference Handler" daemon [_thread_blocked, id=16536, stack(0x0000005cb8c00000,0x0000005cb8d00000)]
  0x0000020cfa6246e0 JavaThread "Finalizer" daemon [_thread_blocked, id=17080, stack(0x0000005cb8d00000,0x0000005cb8e00000)]
  0x0000020cfa60d870 JavaThread "Signal Dispatcher" daemon [_thread_blocked, id=5924, stack(0x0000005cb8e00000,0x0000005cb8f00000)]
  0x0000020cfa60e130 JavaThread "Attach Listener" daemon [_thread_blocked, id=7484, stack(0x0000005cb8f00000,0x0000005cb9000000)]
  0x0000020cfa60e9f0 JavaThread "Service Thread" daemon [_thread_blocked, id=14020, stack(0x0000005cb9000000,0x0000005cb9100000)]
  0x0000020cfa646900 JavaThread "Monitor Deflation Thread" daemon [_thread_blocked, id=13644, stack(0x0000005cb9100000,0x0000005cb9200000)]
  0x0000020cfa64fb10 JavaThread "C2 CompilerThread0" daemon [_thread_blocked, id=17172, stack(0x0000005cb9200000,0x0000005cb9300000)]
  0x0000020cfa650410 JavaThread "C1 CompilerThread0" daemon [_thread_blocked, id=13936, stack(0x0000005cb9300000,0x0000005cb9400000)]
  0x0000020cfa653d20 JavaThread "Sweeper thread" daemon [_thread_blocked, id=13752, stack(0x0000005cb9400000,0x0000005cb9500000)]
  0x0000020cfa7aa1d0 JavaThread "Common-Cleaner" daemon [_thread_blocked, id=13528, stack(0x0000005cb9500000,0x0000005cb9600000)]
  0x0000020cfa8f1d00 JavaThread "Notification Thread" daemon [_thread_blocked, id=4548, stack(0x0000005cb9600000,0x0000005cb9700000)]

Other Threads:
  0x0000020cfa5f7320 VMThread "VM Thread" [stack: 0x0000005cb8b00000,0x0000005cb8c00000] [id=8692]
  0x0000020cfa8ee170 WatcherThread [stack: 0x0000005cb9700000,0x0000005cb9800000] [id=13104]
  0x0000020ced72c510 GCTaskThread "GC Thread#0" [stack: 0x0000005cb8600000,0x0000005cb8700000] [id=9984]
  0x0000020ced73d730 ConcurrentGCThread "G1 Main Marker" [stack: 0x0000005cb8700000,0x0000005cb8800000] [id=15208]
  0x0000020ced73e040 ConcurrentGCThread "G1 Conc#0" [stack: 0x0000005cb8800000,0x0000005cb8900000] [id=13852]
  0x0000020ced78da30 ConcurrentGCThread "G1 Refine#0" [stack: 0x0000005cb8900000,0x0000005cb8a00000] [id=11368]
  0x0000020ced78e350 ConcurrentGCThread "G1 Service" [stack: 0x0000005cb8a00000,0x0000005cb8b00000] [id=14760]

Threads with active compile tasks:

VM state: not at safepoint (normal execution)

VM Mutex/Monitor currently owned by a thread:  ([mutex/lock_event])
[0x0000020ced6cffb0] Metaspace_lock - owner thread: 0x0000020ced6d1030

Heap address: 0x0000000081e00000, size: 2018 MB, Compressed Oops mode: 32-bit

CDS archive(s) not mapped
Compressed class space mapped at: 0x0000000100000000-0x0000000140000000, reserved size: 1073741824
Narrow klass base: 0x0000000000000000, Narrow klass shift: 3, Narrow klass range: 0x140000000

GC Precious Log:
 CPUs: 8 total, 8 available
 Memory: 8071M
 Large Page Support: Disabled
 NUMA Support: Disabled
 Compressed Oops: Enabled (32-bit)
 Heap Region Size: 1M
 Heap Min Capacity: 8M
 Heap Initial Capacity: 128M
 Heap Max Capacity: 2018M
 Pre-touch: Disabled
 Parallel Workers: 8
 Concurrent Workers: 2
 Concurrent Refinement Workers: 8
 Periodic GC: Disabled

Heap:
 garbage-first heap   total 131072K, used 2048K [0x0000000081e00000, 0x0000000100000000)
  region size 1024K, 3 young (3072K), 0 survivors (0K)
 Metaspace       used 7976K, committed 8128K, reserved 1114112K
  class space    used 715K, committed 832K, reserved 1048576K

Heap Regions: E=young(eden), S=young(survivor), O=old, HS=humongous(starts), HC=humongous(continues), CS=collection set, F=free, OA=open archive, CA=closed archive, TAMS=top-at-mark-start (previous, next)
|   0|0x0000000081e00000, 0x0000000081e00000, 0x0000000081f00000|  0%| F|  |TAMS 0x0000000081e00000, 0x0000000081e00000| Untracked 
|   1|0x0000000081f00000, 0x0000000081f00000, 0x0000000082000000|  0%| F|  |TAMS 0x0000000081f00000, 0x0000000081f00000| Untracked 
|   2|0x0000000082000000, 0x0000000082000000, 0x0000000082100000|  0%| F|  |TAMS 0x0000000082000000, 0x0000000082000000| Untracked 
|   3|0x0000000082100000, 0x0000000082100000, 0x0000000082200000|  0%| F|  |TAMS 0x0000000082100000, 0x0000000082100000| Untracked 
|   4|0x0000000082200000, 0x0000000082200000, 0x0000000082300000|  0%| F|  |TAMS 0x0000000082200000, 0x0000000082200000| Untracked 
|   5|0x0000000082300000, 0x0000000082300000, 0x0000000082400000|  0%| F|  |TAMS 0x0000000082300000, 0x0000000082300000| Untracked 
|   6|0x0000000082400000, 0x0000000082400000, 0x0000000082500000|  0%| F|  |TAMS 0x0000000082400000, 0x0000000082400000| Untracked 
|   7|0x0000000082500000, 0x0000000082500000, 0x0000000082600000|  0%| F|  |TAMS 0x0000000082500000, 0x0000000082500000| Untracked 
|   8|0x0000000082600000, 0x0000000082600000, 0x0000000082700000|  0%| F|  |TAMS 0x0000000082600000, 0x0000000082600000| Untracked 
|   9|0x0000000082700000, 0x0000000082700000, 0x0000000082800000|  0%| F|  |TAMS 0x0000000082700000, 0x0000000082700000| Untracked 
|  10|0x0000000082800000, 0x0000000082800000, 0x0000000082900000|  0%| F|  |TAMS 0x0000000082800000, 0x0000000082800000| Untracked 
|  11|0x0000000082900000, 0x0000000082900000, 0x0000000082a00000|  0%| F|  |TAMS 0x0000000082900000, 0x0000000082900000| Untracked 
|  12|0x0000000082a00000, 0x0000000082a00000, 0x0000000082b00000|  0%| F|  |TAMS 0x0000000082a00000, 0x0000000082a00000| Untracked 
|  13|0x0000000082b00000, 0x0000000082b00000, 0x0000000082c00000|  0%| F|  |TAMS 0x0000000082b00000, 0x0000000082b00000| Untracked 
|  14|0x0000000082c00000, 0x0000000082c00000, 0x0000000082d00000|  0%| F|  |TAMS 0x0000000082c00000, 0x0000000082c00000| Untracked 
|  15|0x0000000082d00000, 0x0000000082d00000, 0x0000000082e00000|  0%| F|  |TAMS 0x0000000082d00000, 0x0000000082d00000| Untracked 
|  16|0x0000000082e00000, 0x0000000082e00000, 0x0000000082f00000|  0%| F|  |TAMS 0x0000000082e00000, 0x0000000082e00000| Untracked 
|  17|0x0000000082f00000, 0x0000000082f00000, 0x0000000083000000|  0%| F|  |TAMS 0x0000000082f00000, 0x0000000082f00000| Untracked 
|  18|0x0000000083000000, 0x0000000083000000, 0x0000000083100000|  0%| F|  |TAMS 0x0000000083000000, 0x0000000083000000| Untracked 
|  19|0x0000000083100000, 0x0000000083100000, 0x0000000083200000|  0%| F|  |TAMS 0x0000000083100000, 0x0000000083100000| Untracked 
|  20|0x0000000083200000, 0x0000000083200000, 0x0000000083300000|  0%| F|  |TAMS 0x0000000083200000, 0x0000000083200000| Untracked 
|  21|0x0000000083300000, 0x0000000083300000, 0x0000000083400000|  0%| F|  |TAMS 0x0000000083300000, 0x0000000083300000| Untracked 
|  22|0x0000000083400000, 0x0000000083400000, 0x0000000083500000|  0%| F|  |TAMS 0x0000000083400000, 0x0000000083400000| Untracked 
|  23|0x0000000083500000, 0x0000000083500000, 0x0000000083600000|  0%| F|  |TAMS 0x0000000083500000, 0x0000000083500000| Untracked 
|  24|0x0000000083600000, 0x0000000083600000, 0x0000000083700000|  0%| F|  |TAMS 0x0000000083600000, 0x0000000083600000| Untracked 
|  25|0x0000000083700000, 0x0000000083700000, 0x0000000083800000|  0%| F|  |TAMS 0x0000000083700000, 0x0000000083700000| Untracked 
|  26|0x0000000083800000, 0x0000000083800000, 0x0000000083900000|  0%| F|  |TAMS 0x0000000083800000, 0x0000000083800000| Untracked 
|  27|0x0000000083900000, 0x0000000083900000, 0x0000000083a00000|  0%| F|  |TAMS 0x0000000083900000, 0x0000000083900000| Untracked 
|  28|0x0000000083a00000, 0x0000000083a00000, 0x0000000083b00000|  0%| F|  |TAMS 0x0000000083a00000, 0x0000000083a00000| Untracked 
|  29|0x0000000083b00000, 0x0000000083b00000, 0x0000000083c00000|  0%| F|  |TAMS 0x0000000083b00000, 0x0000000083b00000| Untracked 
|  30|0x0000000083c00000, 0x0000000083c00000, 0x0000000083d00000|  0%| F|  |TAMS 0x0000000083c00000, 0x0000000083c00000| Untracked 
|  31|0x0000000083d00000, 0x0000000083d00000, 0x0000000083e00000|  0%| F|  |TAMS 0x0000000083d00000, 0x0000000083d00000| Untracked 
|  32|0x0000000083e00000, 0x0000000083e00000, 0x0000000083f00000|  0%| F|  |TAMS 0x0000000083e00000, 0x0000000083e00000| Untracked 
|  33|0x0000000083f00000, 0x0000000083f00000, 0x0000000084000000|  0%| F|  |TAMS 0x0000000083f00000, 0x0000000083f00000| Untracked 
|  34|0x0000000084000000, 0x0000000084000000, 0x0000000084100000|  0%| F|  |TAMS 0x0000000084000000, 0x0000000084000000| Untracked 
|  35|0x0000000084100000, 0x0000000084100000, 0x0000000084200000|  0%| F|  |TAMS 0x0000000084100000, 0x0000000084100000| Untracked 
|  36|0x0000000084200000, 0x0000000084200000, 0x0000000084300000|  0%| F|  |TAMS 0x0000000084200000, 0x0000000084200000| Untracked 
|  37|0x0000000084300000, 0x0000000084300000, 0x0000000084400000|  0%| F|  |TAMS 0x0000000084300000, 0x0000000084300000| Untracked 
|  38|0x0000000084400000, 0x0000000084400000, 0x0000000084500000|  0%| F|  |TAMS 0x0000000084400000, 0x0000000084400000| Untracked 
|  39|0x0000000084500000, 0x0000000084500000, 0x0000000084600000|  0%| F|  |TAMS 0x0000000084500000, 0x0000000084500000| Untracked 
|  40|0x0000000084600000, 0x0000000084600000, 0x0000000084700000|  0%| F|  |TAMS 0x0000000084600000, 0x0000000084600000| Untracked 
|  41|0x0000000084700000, 0x0000000084700000, 0x0000000084800000|  0%| F|  |TAMS 0x0000000084700000, 0x0000000084700000| Untracked 
|  42|0x0000000084800000, 0x0000000084800000, 0x0000000084900000|  0%| F|  |TAMS 0x0000000084800000, 0x0000000084800000| Untracked 
|  43|0x0000000084900000, 0x0000000084900000, 0x0000000084a00000|  0%| F|  |TAMS 0x0000000084900000, 0x0000000084900000| Untracked 
|  44|0x0000000084a00000, 0x0000000084a00000, 0x0000000084b00000|  0%| F|  |TAMS 0x0000000084a00000, 0x0000000084a00000| Untracked 
|  45|0x0000000084b00000, 0x0000000084b00000, 0x0000000084c00000|  0%| F|  |TAMS 0x0000000084b00000, 0x0000000084b00000| Untracked 
|  46|0x0000000084c00000, 0x0000000084c00000, 0x0000000084d00000|  0%| F|  |TAMS 0x0000000084c00000, 0x0000000084c00000| Untracked 
|  47|0x0000000084d00000, 0x0000000084d00000, 0x0000000084e00000|  0%| F|  |TAMS 0x0000000084d00000, 0x0000000084d00000| Untracked 
|  48|0x0000000084e00000, 0x0000000084e00000, 0x0000000084f00000|  0%| F|  |TAMS 0x0000000084e00000, 0x0000000084e00000| Untracked 
|  49|0x0000000084f00000, 0x0000000084f00000, 0x0000000085000000|  0%| F|  |TAMS 0x0000000084f00000, 0x0000000084f00000| Untracked 
|  50|0x0000000085000000, 0x0000000085000000, 0x0000000085100000|  0%| F|  |TAMS 0x0000000085000000, 0x0000000085000000| Untracked 
|  51|0x0000000085100000, 0x0000000085100000, 0x0000000085200000|  0%| F|  |TAMS 0x0000000085100000, 0x0000000085100000| Untracked 
|  52|0x0000000085200000, 0x0000000085200000, 0x0000000085300000|  0%| F|  |TAMS 0x0000000085200000, 0x0000000085200000| Untracked 
|  53|0x0000000085300000, 0x0000000085300000, 0x0000000085400000|  0%| F|  |TAMS 0x0000000085300000, 0x0000000085300000| Untracked 
|  54|0x0000000085400000, 0x0000000085400000, 0x0000000085500000|  0%| F|  |TAMS 0x0000000085400000, 0x0000000085400000| Untracked 
|  55|0x0000000085500000, 0x0000000085500000, 0x0000000085600000|  0%| F|  |TAMS 0x0000000085500000, 0x0000000085500000| Untracked 
|  56|0x0000000085600000, 0x0000000085600000, 0x0000000085700000|  0%| F|  |TAMS 0x0000000085600000, 0x0000000085600000| Untracked 
|  57|0x0000000085700000, 0x0000000085700000, 0x0000000085800000|  0%| F|  |TAMS 0x0000000085700000, 0x0000000085700000| Untracked 
|  58|0x0000000085800000, 0x0000000085800000, 0x0000000085900000|  0%| F|  |TAMS 0x0000000085800000, 0x0000000085800000| Untracked 
|  59|0x0000000085900000, 0x0000000085900000, 0x0000000085a00000|  0%| F|  |TAMS 0x0000000085900000, 0x0000000085900000| Untracked 
|  60|0x0000000085a00000, 0x0000000085a00000, 0x0000000085b00000|  0%| F|  |TAMS 0x0000000085a00000, 0x0000000085a00000| Untracked 
|  61|0x0000000085b00000, 0x0000000085b00000, 0x0000000085c00000|  0%| F|  |TAMS 0x0000000085b00000, 0x0000000085b00000| Untracked 
|  62|0x0000000085c00000, 0x0000000085c00000, 0x0000000085d00000|  0%| F|  |TAMS 0x0000000085c00000, 0x0000000085c00000| Untracked 
|  63|0x0000000085d00000, 0x0000000085d00000, 0x0000000085e00000|  0%| F|  |TAMS 0x0000000085d00000, 0x0000000085d00000| Untracked 
|  64|0x0000000085e00000, 0x0000000085e00000, 0x0000000085f00000|  0%| F|  |TAMS 0x0000000085e00000, 0x0000000085e00000| Untracked 
|  65|0x0000000085f00000, 0x0000000085f00000, 0x0000000086000000|  0%| F|  |TAMS 0x0000000085f00000, 0x0000000085f00000| Untracked 
|  66|0x0000000086000000, 0x0000000086000000, 0x0000000086100000|  0%| F|  |TAMS 0x0000000086000000, 0x0000000086000000| Untracked 
|  67|0x0000000086100000, 0x0000000086100000, 0x0000000086200000|  0%| F|  |TAMS 0x0000000086100000, 0x0000000086100000| Untracked 
|  68|0x0000000086200000, 0x0000000086200000, 0x0000000086300000|  0%| F|  |TAMS 0x0000000086200000, 0x0000000086200000| Untracked 
|  69|0x0000000086300000, 0x0000000086300000, 0x0000000086400000|  0%| F|  |TAMS 0x0000000086300000, 0x0000000086300000| Untracked 
|  70|0x0000000086400000, 0x0000000086400000, 0x0000000086500000|  0%| F|  |TAMS 0x0000000086400000, 0x0000000086400000| Untracked 
|  71|0x0000000086500000, 0x0000000086500000, 0x0000000086600000|  0%| F|  |TAMS 0x0000000086500000, 0x0000000086500000| Untracked 
|  72|0x0000000086600000, 0x0000000086600000, 0x0000000086700000|  0%| F|  |TAMS 0x0000000086600000, 0x0000000086600000| Untracked 
|  73|0x0000000086700000, 0x0000000086700000, 0x0000000086800000|  0%| F|  |TAMS 0x0000000086700000, 0x0000000086700000| Untracked 
|  74|0x0000000086800000, 0x0000000086800000, 0x0000000086900000|  0%| F|  |TAMS 0x0000000086800000, 0x0000000086800000| Untracked 
|  75|0x0000000086900000, 0x0000000086900000, 0x0000000086a00000|  0%| F|  |TAMS 0x0000000086900000, 0x0000000086900000| Untracked 
|  76|0x0000000086a00000, 0x0000000086a00000, 0x0000000086b00000|  0%| F|  |TAMS 0x0000000086a00000, 0x0000000086a00000| Untracked 
|  77|0x0000000086b00000, 0x0000000086b00000, 0x0000000086c00000|  0%| F|  |TAMS 0x0000000086b00000, 0x0000000086b00000| Untracked 
|  78|0x0000000086c00000, 0x0000000086c00000, 0x0000000086d00000|  0%| F|  |TAMS 0x0000000086c00000, 0x0000000086c00000| Untracked 
|  79|0x0000000086d00000, 0x0000000086d00000, 0x0000000086e00000|  0%| F|  |TAMS 0x0000000086d00000, 0x0000000086d00000| Untracked 
|  80|0x0000000086e00000, 0x0000000086e00000, 0x0000000086f00000|  0%| F|  |TAMS 0x0000000086e00000, 0x0000000086e00000| Untracked 
|  81|0x0000000086f00000, 0x0000000086f00000, 0x0000000087000000|  0%| F|  |TAMS 0x0000000086f00000, 0x0000000086f00000| Untracked 
|  82|0x0000000087000000, 0x0000000087000000, 0x0000000087100000|  0%| F|  |TAMS 0x0000000087000000, 0x0000000087000000| Untracked 
|  83|0x0000000087100000, 0x0000000087100000, 0x0000000087200000|  0%| F|  |TAMS 0x0000000087100000, 0x0000000087100000| Untracked 
|  84|0x0000000087200000, 0x0000000087200000, 0x0000000087300000|  0%| F|  |TAMS 0x0000000087200000, 0x0000000087200000| Untracked 
|  85|0x0000000087300000, 0x0000000087300000, 0x0000000087400000|  0%| F|  |TAMS 0x0000000087300000, 0x0000000087300000| Untracked 
|  86|0x0000000087400000, 0x0000000087400000, 0x0000000087500000|  0%| F|  |TAMS 0x0000000087400000, 0x0000000087400000| Untracked 
|  87|0x0000000087500000, 0x0000000087500000, 0x0000000087600000|  0%| F|  |TAMS 0x0000000087500000, 0x0000000087500000| Untracked 
|  88|0x0000000087600000, 0x0000000087600000, 0x0000000087700000|  0%| F|  |TAMS 0x0000000087600000, 0x0000000087600000| Untracked 
|  89|0x0000000087700000, 0x0000000087700000, 0x0000000087800000|  0%| F|  |TAMS 0x0000000087700000, 0x0000000087700000| Untracked 
|  90|0x0000000087800000, 0x0000000087800000, 0x0000000087900000|  0%| F|  |TAMS 0x0000000087800000, 0x0000000087800000| Untracked 
|  91|0x0000000087900000, 0x0000000087900000, 0x0000000087a00000|  0%| F|  |TAMS 0x0000000087900000, 0x0000000087900000| Untracked 
|  92|0x0000000087a00000, 0x0000000087a00000, 0x0000000087b00000|  0%| F|  |TAMS 0x0000000087a00000, 0x0000000087a00000| Untracked 
|  93|0x0000000087b00000, 0x0000000087b00000, 0x0000000087c00000|  0%| F|  |TAMS 0x0000000087b00000, 0x0000000087b00000| Untracked 
|  94|0x0000000087c00000, 0x0000000087c00000, 0x0000000087d00000|  0%| F|  |TAMS 0x0000000087c00000, 0x0000000087c00000| Untracked 
|  95|0x0000000087d00000, 0x0000000087d00000, 0x0000000087e00000|  0%| F|  |TAMS 0x0000000087d00000, 0x0000000087d00000| Untracked 
|  96|0x0000000087e00000, 0x0000000087e00000, 0x0000000087f00000|  0%| F|  |TAMS 0x0000000087e00000, 0x0000000087e00000| Untracked 
|  97|0x0000000087f00000, 0x0000000087f00000, 0x0000000088000000|  0%| F|  |TAMS 0x0000000087f00000, 0x0000000087f00000| Untracked 
|  98|0x0000000088000000, 0x0000000088000000, 0x0000000088100000|  0%| F|  |TAMS 0x0000000088000000, 0x0000000088000000| Untracked 
|  99|0x0000000088100000, 0x0000000088100000, 0x0000000088200000|  0%| F|  |TAMS 0x0000000088100000, 0x0000000088100000| Untracked 
| 100|0x0000000088200000, 0x0000000088200000, 0x0000000088300000|  0%| F|  |TAMS 0x0000000088200000, 0x0000000088200000| Untracked 
| 101|0x0000000088300000, 0x0000000088300000, 0x0000000088400000|  0%| F|  |TAMS 0x0000000088300000, 0x0000000088300000| Untracked 
| 102|0x0000000088400000, 0x0000000088400000, 0x0000000088500000|  0%| F|  |TAMS 0x0000000088400000, 0x0000000088400000| Untracked 
| 103|0x0000000088500000, 0x0000000088500000, 0x0000000088600000|  0%| F|  |TAMS 0x0000000088500000, 0x0000000088500000| Untracked 
| 104|0x0000000088600000, 0x0000000088600000, 0x0000000088700000|  0%| F|  |TAMS 0x0000000088600000, 0x0000000088600000| Untracked 
| 105|0x0000000088700000, 0x0000000088700000, 0x0000000088800000|  0%| F|  |TAMS 0x0000000088700000, 0x0000000088700000| Untracked 
| 106|0x0000000088800000, 0x0000000088800000, 0x0000000088900000|  0%| F|  |TAMS 0x0000000088800000, 0x0000000088800000| Untracked 
| 107|0x0000000088900000, 0x0000000088900000, 0x0000000088a00000|  0%| F|  |TAMS 0x0000000088900000, 0x0000000088900000| Untracked 
| 108|0x0000000088a00000, 0x0000000088a00000, 0x0000000088b00000|  0%| F|  |TAMS 0x0000000088a00000, 0x0000000088a00000| Untracked 
| 109|0x0000000088b00000, 0x0000000088b00000, 0x0000000088c00000|  0%| F|  |TAMS 0x0000000088b00000, 0x0000000088b00000| Untracked 
| 110|0x0000000088c00000, 0x0000000088c00000, 0x0000000088d00000|  0%| F|  |TAMS 0x0000000088c00000, 0x0000000088c00000| Untracked 
| 111|0x0000000088d00000, 0x0000000088d00000, 0x0000000088e00000|  0%| F|  |TAMS 0x0000000088d00000, 0x0000000088d00000| Untracked 
| 112|0x0000000088e00000, 0x0000000088e00000, 0x0000000088f00000|  0%| F|  |TAMS 0x0000000088e00000, 0x0000000088e00000| Untracked 
| 113|0x0000000088f00000, 0x0000000088f00000, 0x0000000089000000|  0%| F|  |TAMS 0x0000000088f00000, 0x0000000088f00000| Untracked 
| 114|0x0000000089000000, 0x0000000089000000, 0x0000000089100000|  0%| F|  |TAMS 0x0000000089000000, 0x0000000089000000| Untracked 
| 115|0x0000000089100000, 0x0000000089100000, 0x0000000089200000|  0%| F|  |TAMS 0x0000000089100000, 0x0000000089100000| Untracked 
| 116|0x0000000089200000, 0x0000000089200000, 0x0000000089300000|  0%| F|  |TAMS 0x0000000089200000, 0x0000000089200000| Untracked 
| 117|0x0000000089300000, 0x0000000089300000, 0x0000000089400000|  0%| F|  |TAMS 0x0000000089300000, 0x0000000089300000| Untracked 
| 118|0x0000000089400000, 0x0000000089400000, 0x0000000089500000|  0%| F|  |TAMS 0x0000000089400000, 0x0000000089400000| Untracked 
| 119|0x0000000089500000, 0x0000000089500000, 0x0000000089600000|  0%| F|  |TAMS 0x0000000089500000, 0x0000000089500000| Untracked 
| 120|0x0000000089600000, 0x0000000089600000, 0x0000000089700000|  0%| F|  |TAMS 0x0000000089600000, 0x0000000089600000| Untracked 
| 121|0x0000000089700000, 0x0000000089700000, 0x0000000089800000|  0%| F|  |TAMS 0x0000000089700000, 0x0000000089700000| Untracked 
| 122|0x0000000089800000, 0x0000000089800000, 0x0000000089900000|  0%| F|  |TAMS 0x0000000089800000, 0x0000000089800000| Untracked 
| 123|0x0000000089900000, 0x0000000089900000, 0x0000000089a00000|  0%| F|  |TAMS 0x0000000089900000, 0x0000000089900000| Untracked 
| 124|0x0000000089a00000, 0x0000000089a00000, 0x0000000089b00000|  0%| F|  |TAMS 0x0000000089a00000, 0x0000000089a00000| Untracked 
| 125|0x0000000089b00000, 0x0000000089bed318, 0x0000000089c00000| 92%| E|  |TAMS 0x0000000089b00000, 0x0000000089b00000| Complete 
| 126|0x0000000089c00000, 0x0000000089d00000, 0x0000000089d00000|100%| E|CS|TAMS 0x0000000089c00000, 0x0000000089c00000| Complete 
| 127|0x0000000089d00000, 0x0000000089e00000, 0x0000000089e00000|100%| E|CS|TAMS 0x0000000089d00000, 0x0000000089d00000| Complete 

Card table byte_map: [0x0000020cf33d0000,0x0000020cf37d0000] _byte_map_base: 0x0000020cf2fc1000

Marking Bits (Prev, Next): (CMBitMap*) 0x0000020ced72ca20, (CMBitMap*) 0x0000020ced72ca60
 Prev Bits: [0x0000020cf3bd0000, 0x0000020cf5b58000)
 Next Bits: [0x0000020cf5b60000, 0x0000020cf7ae8000)

Polling page: 0x0000020ced790000

Metaspace:

Usage:
  Non-class:      7.09 MB used.
      Class:    715.60 KB used.
       Both:      7.79 MB used.

Virtual space:
  Non-class space:       64.00 MB reserved,       7.12 MB ( 11%) committed,  1 nodes.
      Class space:        1.00 GB reserved,     832.00 KB ( <1%) committed,  1 nodes.
             Both:        1.06 GB reserved,       7.94 MB ( <1%) committed. 

Chunk freelists:
   Non-Class:  8.46 MB
       Class:  15.24 MB
        Both:  23.71 MB

MaxMetaspaceSize: unlimited
CompressedClassSpaceSize: 1.00 GB
Initial GC threshold: 21.00 MB
Current GC threshold: 21.00 MB
CDS: off
MetaspaceReclaimPolicy: balanced
 - commit_granule_bytes: 65536.
 - commit_granule_words: 8192.
 - virtual_space_node_default_size: 8388608.
 - enlarge_chunks_in_place: 1.
 - new_chunks_are_fully_committed: 0.
 - uncommit_free_chunks: 1.
 - use_allocation_guard: 0.
 - handle_deallocations: 1.


Internal statistics:

num_allocs_failed_limit: 0.
num_arena_births: 16.
num_arena_deaths: 0.
num_vsnodes_births: 2.
num_vsnodes_deaths: 0.
num_space_committed: 127.
num_space_uncommitted: 0.
num_chunks_returned_to_freelist: 0.
num_chunks_taken_from_freelist: 38.
num_chunk_merges: 0.
num_chunk_splits: 16.
num_chunks_enlarged: 7.
num_inconsistent_stats: 0.

CodeHeap 'non-profiled nmethods': size=120000Kb used=82Kb max_used=82Kb free=119917Kb
 bounds [0x0000020c87ad0000, 0x0000020c87d40000, 0x0000020c8f000000]
CodeHeap 'profiled nmethods': size=120000Kb used=369Kb max_used=369Kb free=119630Kb
 bounds [0x0000020c80000000, 0x0000020c80270000, 0x0000020c87530000]
CodeHeap 'non-nmethods': size=5760Kb used=1124Kb max_used=1136Kb free=4635Kb
 bounds [0x0000020c87530000, 0x0000020c877a0000, 0x0000020c87ad0000]
 total_blobs=689 nmethods=283 adapters=319
 compilation: enabled
              stopped_count=0, restarted_count=0
 full_count=0

Compilation events (20 events):
Event: 5.175 Thread 0x0000020cfa650410 nmethod 272 0x0000020c80054810 code [0x0000020c80054d40, 0x0000020c80057078]
Event: 5.176 Thread 0x0000020cfa650410  275       3       java.util.HashMap::putVal (300 bytes)
Event: 5.176 Thread 0x0000020cfa64fb10 nmethod 276 0x0000020c87ae3e90 code [0x0000020c87ae4000, 0x0000020c87ae40f8]
Event: 5.176 Thread 0x0000020cfa650410 nmethod 275 0x0000020c80057d10 code [0x0000020c80057fc0, 0x0000020c80059198]
Event: 5.176 Thread 0x0000020cfa650410  274       3       java.util.Locale::getLanguage (8 bytes)
Event: 5.176 Thread 0x0000020cfa650410 nmethod 274 0x0000020c80059690 code [0x0000020c80059820, 0x0000020c80059958]
Event: 5.176 Thread 0x0000020cfa650410  271       3       java.util.Objects::nonNull (10 bytes)
Event: 5.176 Thread 0x0000020cfa650410 nmethod 271 0x0000020c80059a10 code [0x0000020c80059ba0, 0x0000020c80059cf8]
Event: 5.177 Thread 0x0000020cfa650410  277       3       java.lang.invoke.MemberName::isConstructor (8 bytes)
Event: 5.177 Thread 0x0000020cfa650410 nmethod 277 0x0000020c80059d90 code [0x0000020c80059f40, 0x0000020c8005a178]
Event: 5.177 Thread 0x0000020cfa650410  278       3       java.lang.ref.WeakReference::<init> (7 bytes)
Event: 5.177 Thread 0x0000020cfa650410 nmethod 278 0x0000020c8005a290 code [0x0000020c8005a440, 0x0000020c8005a718]
Event: 5.177 Thread 0x0000020cfa650410  280       3       jdk.internal.org.objectweb.asm.ByteVector::put122 (93 bytes)
Event: 5.178 Thread 0x0000020cfa650410 nmethod 280 0x0000020c8005a810 code [0x0000020c8005a9c0, 0x0000020c8005ac48]
Event: 5.178 Thread 0x0000020cfa650410  281       3       java.lang.invoke.MemberName::getMethodOrFieldType (72 bytes)
Event: 5.178 Thread 0x0000020cfa650410 nmethod 281 0x0000020c8005ae10 code [0x0000020c8005b140, 0x0000020c8005c008]
Event: 5.178 Thread 0x0000020cfa650410  282       1       jdk.internal.org.objectweb.asm.SymbolTable::getMajorVersion (5 bytes)
Event: 5.178 Thread 0x0000020cfa650410 nmethod 282 0x0000020c87ae4510 code [0x0000020c87ae46a0, 0x0000020c87ae4778]
Event: 5.178 Thread 0x0000020cfa650410  283       1       java.lang.invoke.MethodTypeForm::basicType (5 bytes)
Event: 5.178 Thread 0x0000020cfa650410 nmethod 283 0x0000020c87ae4810 code [0x0000020c87ae49a0, 0x0000020c87ae4a78]

GC Heap History (0 events):
No events

Dll operation events (5 events):
Event: 0.012 Loaded shared library C:\eclipse\plugins\org.eclipse.justj.openjdk.hotspot.jre.full.win32.x86_64_17.0.7.v20230425-1502\jre\bin\java.dll
Event: 0.145 Loaded shared library C:\eclipse\plugins\org.eclipse.justj.openjdk.hotspot.jre.full.win32.x86_64_17.0.7.v20230425-1502\jre\bin\net.dll
Event: 0.146 Loaded shared library C:\eclipse\plugins\org.eclipse.justj.openjdk.hotspot.jre.full.win32.x86_64_17.0.7.v20230425-1502\jre\bin\nio.dll
Event: 0.204 Loaded shared library C:\eclipse\plugins\org.eclipse.justj.openjdk.hotspot.jre.full.win32.x86_64_17.0.7.v20230425-1502\jre\bin\jimage.dll
Event: 0.207 Loaded shared library C:\eclipse\plugins\org.eclipse.justj.openjdk.hotspot.jre.full.win32.x86_64_17.0.7.v20230425-1502\jre\bin\zip.dll

Deoptimization events (12 events):
Event: 0.182 Thread 0x0000020ced6d1030 Uncommon trap: trap_request=0xffffff45 fr.pc=0x0000020c87ad4f5c relative=0x000000000000005c
Event: 0.182 Thread 0x0000020ced6d1030 Uncommon trap: reason=unstable_if action=reinterpret pc=0x0000020c87ad4f5c method=java.lang.String.isLatin1()Z @ 10 c2
Event: 0.183 Thread 0x0000020ced6d1030 DEOPT PACKING pc=0x0000020c87ad4f5c sp=0x0000005cb85fe210
Event: 0.183 Thread 0x0000020ced6d1030 DEOPT UNPACKING pc=0x0000020c875869a3 sp=0x0000005cb85fe1a0 mode 2
Event: 0.183 Thread 0x0000020ced6d1030 Uncommon trap: trap_request=0xffffff45 fr.pc=0x0000020c87ad6e78 relative=0x0000000000000078
Event: 0.183 Thread 0x0000020ced6d1030 Uncommon trap: reason=unstable_if action=reinterpret pc=0x0000020c87ad6e78 method=java.lang.String.isLatin1()Z @ 10 c2
Event: 0.183 Thread 0x0000020ced6d1030 DEOPT PACKING pc=0x0000020c87ad6e78 sp=0x0000005cb85fec30
Event: 0.183 Thread 0x0000020ced6d1030 DEOPT UNPACKING pc=0x0000020c875869a3 sp=0x0000005cb85feb70 mode 2
Event: 5.173 Thread 0x0000020ced6d1030 Uncommon trap: trap_request=0xffffff45 fr.pc=0x0000020c87adf66c relative=0x00000000000008ec
Event: 5.173 Thread 0x0000020ced6d1030 Uncommon trap: reason=unstable_if action=reinterpret pc=0x0000020c87adf66c method=java.util.HashMap.putVal(ILjava/lang/Object;Ljava/lang/Object;ZZ)Ljava/lang/Object; @ 181 c2
Event: 5.173 Thread 0x0000020ced6d1030 DEOPT PACKING pc=0x0000020c87adf66c sp=0x0000005cb85fdff0
Event: 5.173 Thread 0x0000020ced6d1030 DEOPT UNPACKING pc=0x0000020c875869a3 sp=0x0000005cb85fdf90 mode 2

Classes unloaded (0 events):
No events

Classes redefined (0 events):
No events

Internal exceptions (2 events):
Event: 0.158 Thread 0x0000020ced6d1030 Exception <a 'java/lang/NoSuchMethodError'{0x0000000089c36ce0}: 'void java.lang.invoke.DirectMethodHandle$Holder.invokeVirtual(java.lang.Object, java.lang.Object)'> (0x0000000089c36ce0) 
thrown [s\src\hotspot\share\interpreter\linkResolver.cpp, line 759]
Event: 5.177 Thread 0x0000020ced6d1030 Exception <a 'java/lang/NoSuchMethodError'{0x0000000089bdb908}: 'java.lang.Object java.lang.invoke.DirectMethodHandle$Holder.invokeStaticInit(java.lang.Object, int, int, int, int)'> (0x0000000089bdb908) 
thrown [s\src\hotspot\share\interpreter\linkResolver.cpp, line 759]

VM Operations (6 events):
Event: 0.174 Executing VM operation: HandshakeAllThreads
Event: 0.174 Executing VM operation: HandshakeAllThreads done
Event: 1.178 Executing VM operation: Cleanup
Event: 1.179 Executing VM operation: Cleanup done
Event: 5.229 Executing VM operation: Cleanup
Event: 5.245 Executing VM operation: Cleanup done

Events (20 events):
Event: 5.177 loading class sun/security/provider/HashDrbg done
Event: 5.177 loading class sun/security/provider/EntropySource
Event: 5.177 loading class sun/security/provider/EntropySource done
Event: 5.178 loading class java/security/DrbgParameters$NextBytes
Event: 5.178 loading class java/security/DrbgParameters$NextBytes done
Event: 5.178 loading class sun/security/provider/AbstractDrbg$SeederHolder
Event: 5.178 loading class sun/security/provider/AbstractDrbg$SeederHolder done
Event: 5.178 loading class sun/security/provider/SeedGenerator
Event: 5.178 loading class sun/security/provider/SeedGenerator done
Event: 5.178 loading class sun/security/provider/NativeSeedGenerator
Event: 5.178 loading class sun/security/provider/NativeSeedGenerator done
Event: 5.219 loading class java/io/IOException
Event: 5.219 loading class java/io/IOException done
Event: 5.219 loading class sun/security/provider/SeedGenerator$ThreadedSeedGenerator
Event: 5.240 loading class sun/security/provider/SeedGenerator$ThreadedSeedGenerator done
Event: 5.245 loading class java/security/MessageDigest
Event: 5.245 loading class java/security/MessageDigestSpi
Event: 5.245 loading class java/security/MessageDigestSpi done
Event: 5.245 loading class java/security/MessageDigest done
Event: 5.245 loading class sun/security/jca/GetInstance


Dynamic libraries:
0x00007ff7c3940000 - 0x00007ff7c394e000 	C:\eclipse\plugins\org.eclipse.justj.openjdk.hotspot.jre.full.win32.x86_64_17.0.7.v20230425-1502\jre\bin\javaw.exe
0x00007ffd43730000 - 0x00007ffd43928000 	C:\windows\SYSTEM32\ntdll.dll
0x00007ffd43190000 - 0x00007ffd4324d000 	C:\windows\System32\KERNEL32.DLL
0x00007ffd41240000 - 0x00007ffd41536000 	C:\windows\System32\KERNELBASE.dll
0x00007ffd3e180000 - 0x00007ffd3e210000 	C:\windows\SYSTEM32\apphelp.dll
0x00007ffd41540000 - 0x00007ffd41640000 	C:\windows\System32\ucrtbase.dll
0x00007ffd2abb0000 - 0x00007ffd2abc7000 	C:\eclipse\plugins\org.eclipse.justj.openjdk.hotspot.jre.full.win32.x86_64_17.0.7.v20230425-1502\jre\bin\jli.dll
0x00007ffd2d500000 - 0x00007ffd2d519000 	C:\eclipse\plugins\org.eclipse.justj.openjdk.hotspot.jre.full.win32.x86_64_17.0.7.v20230425-1502\jre\bin\VCRUNTIME140.dll
0x00007ffd41790000 - 0x00007ffd4192f000 	C:\windows\System32\USER32.dll
0x00007ffd41210000 - 0x00007ffd41232000 	C:\windows\System32\win32u.dll
0x00007ffd2be60000 - 0x00007ffd2c0fa000 	C:\windows\WinSxS\amd64_microsoft.windows.common-controls_6595b64144ccf1df_6.0.19041.4355_none_60b8b9eb71f62e16\COMCTL32.dll
0x00007ffd41760000 - 0x00007ffd4178b000 	C:\windows\System32\GDI32.dll
0x00007ffd43310000 - 0x00007ffd433ae000 	C:\windows\System32\msvcrt.dll
0x00007ffd41640000 - 0x00007ffd41757000 	C:\windows\System32\gdi32full.dll
0x00007ffd410e0000 - 0x00007ffd4117d000 	C:\windows\System32\msvcp_win.dll
0x00007ffd42c30000 - 0x00007ffd42c62000 	C:\windows\System32\IMM32.DLL
0x00007ffd2d4e0000 - 0x00007ffd2d4ec000 	C:\eclipse\plugins\org.eclipse.justj.openjdk.hotspot.jre.full.win32.x86_64_17.0.7.v20230425-1502\jre\bin\vcruntime140_1.dll
0x00007ffd197b0000 - 0x00007ffd19841000 	C:\eclipse\plugins\org.eclipse.justj.openjdk.hotspot.jre.full.win32.x86_64_17.0.7.v20230425-1502\jre\bin\msvcp140.dll
0x00007ffca2ba0000 - 0x00007ffca37e8000 	C:\eclipse\plugins\org.eclipse.justj.openjdk.hotspot.jre.full.win32.x86_64_17.0.7.v20230425-1502\jre\bin\server\jvm.dll
0x00007ffd43640000 - 0x00007ffd436f0000 	C:\windows\System32\ADVAPI32.dll
0x00007ffd41a20000 - 0x00007ffd41ac0000 	C:\windows\System32\sechost.dll
0x00007ffd43060000 - 0x00007ffd43183000 	C:\windows\System32\RPCRT4.dll
0x00007ffd40e50000 - 0x00007ffd40e77000 	C:\windows\System32\bcrypt.dll
0x00007ffd3ac90000 - 0x00007ffd3ac9a000 	C:\windows\SYSTEM32\VERSION.dll
0x00007ffd21530000 - 0x00007ffd21539000 	C:\windows\SYSTEM32\WSOCK32.dll
0x00007ffd38580000 - 0x00007ffd385a7000 	C:\windows\SYSTEM32\WINMM.dll
0x00007ffd43490000 - 0x00007ffd434fb000 	C:\windows\System32\WS2_32.dll
0x00007ffd3eaa0000 - 0x00007ffd3eab2000 	C:\windows\SYSTEM32\kernel.appcore.dll
0x00007ffd3d380000 - 0x00007ffd3d38a000 	C:\eclipse\plugins\org.eclipse.justj.openjdk.hotspot.jre.full.win32.x86_64_17.0.7.v20230425-1502\jre\bin\jimage.dll
0x00007ffd2c420000 - 0x00007ffd2c604000 	C:\windows\SYSTEM32\DBGHELP.DLL
0x00007ffd0f690000 - 0x00007ffd0f6c4000 	C:\windows\SYSTEM32\dbgcore.DLL
0x00007ffd41180000 - 0x00007ffd41202000 	C:\windows\System32\bcryptPrimitives.dll
0x00007ffd1d3d0000 - 0x00007ffd1d3f5000 	C:\eclipse\plugins\org.eclipse.justj.openjdk.hotspot.jre.full.win32.x86_64_17.0.7.v20230425-1502\jre\bin\java.dll
0x00007ffd3d330000 - 0x00007ffd3d348000 	C:\eclipse\plugins\org.eclipse.justj.openjdk.hotspot.jre.full.win32.x86_64_17.0.7.v20230425-1502\jre\bin\zip.dll
0x00007ffd41f40000 - 0x00007ffd426ab000 	C:\windows\System32\SHELL32.dll
0x00007ffd3eca0000 - 0x00007ffd3f43d000 	C:\windows\SYSTEM32\windows.storage.dll
0x00007ffd41be0000 - 0x00007ffd41f33000 	C:\windows\System32\combase.dll
0x00007ffd40790000 - 0x00007ffd407be000 	C:\windows\SYSTEM32\Wldp.dll
0x00007ffd43500000 - 0x00007ffd435cd000 	C:\windows\System32\OLEAUT32.dll
0x00007ffd43250000 - 0x00007ffd432fd000 	C:\windows\System32\SHCORE.dll
0x00007ffd435d0000 - 0x00007ffd43625000 	C:\windows\System32\shlwapi.dll
0x00007ffd40d10000 - 0x00007ffd40d34000 	C:\windows\SYSTEM32\profapi.dll
0x00007ffd398e0000 - 0x00007ffd398f9000 	C:\eclipse\plugins\org.eclipse.justj.openjdk.hotspot.jre.full.win32.x86_64_17.0.7.v20230425-1502\jre\bin\net.dll
0x00007ffd3a3d0000 - 0x00007ffd3a4da000 	C:\windows\SYSTEM32\WINHTTP.dll
0x00007ffd40490000 - 0x00007ffd404fa000 	C:\windows\system32\mswsock.dll
0x00007ffd2d5b0000 - 0x00007ffd2d5c5000 	C:\eclipse\plugins\org.eclipse.justj.openjdk.hotspot.jre.full.win32.x86_64_17.0.7.v20230425-1502\jre\bin\nio.dll
0x00007ffd406e0000 - 0x00007ffd406f8000 	C:\windows\SYSTEM32\CRYPTSP.dll
0x00007ffd3fdb0000 - 0x00007ffd3fde4000 	C:\windows\system32\rsaenh.dll
0x00007ffd40c80000 - 0x00007ffd40cae000 	C:\windows\SYSTEM32\USERENV.dll

dbghelp: loaded successfully - version: 4.0.5 - missing functions: none
symbol engine: initialized successfully - sym options: 0x614 - pdb path: .;C:\eclipse\plugins\org.eclipse.justj.openjdk.hotspot.jre.full.win32.x86_64_17.0.7.v20230425-1502\jre\bin;C:\windows\SYSTEM32;C:\windows\WinSxS\amd64_microsoft.windows.common-controls_6595b64144ccf1df_6.0.19041.4355_none_60b8b9eb71f62e16;C:\eclipse\plugins\org.eclipse.justj.openjdk.hotspot.jre.full.win32.x86_64_17.0.7.v20230425-1502\jre\bin\server

VM Arguments:
jvm_args: -Dfile.encoding=UTF-8 --module-path=C:\Users\12723131891\Downloads\Gerador-de-Senhas-main\Gerador-de-Senhas-main\Gerador_De_Senhas\bin -XX:+ShowCodeDetailsInExceptionMessages -Djdk.module.main=Gerador_De_Senhas 
java_command: Gerador_De_Senhas/application.Main
java_class_path (initial): <not set>
Launcher Type: SUN_STANDARD

[Global flags]
     intx CICompilerCount                          = 4                                         {product} {ergonomic}
     uint ConcGCThreads                            = 2                                         {product} {ergonomic}
     uint G1ConcRefinementThreads                  = 8                                         {product} {ergonomic}
   size_t G1HeapRegionSize                         = 1048576                                   {product} {ergonomic}
    uintx GCDrainStackTargetSize                   = 64                                        {product} {ergonomic}
   size_t InitialHeapSize                          = 134217728                                 {product} {ergonomic}
   size_t MarkStackSize                            = 4194304                                   {product} {ergonomic}
   size_t MaxHeapSize                              = 2116026368                                {product} {ergonomic}
   size_t MaxNewSize                               = 1268776960                                {product} {ergonomic}
   size_t MinHeapDeltaBytes                        = 1048576                                   {product} {ergonomic}
   size_t MinHeapSize                              = 8388608                                   {product} {ergonomic}
    uintx NonNMethodCodeHeapSize                   = 5839372                                {pd product} {ergonomic}
    uintx NonProfiledCodeHeapSize                  = 122909434                              {pd product} {ergonomic}
    uintx ProfiledCodeHeapSize                     = 122909434                              {pd product} {ergonomic}
    uintx ReservedCodeCacheSize                    = 251658240                              {pd product} {ergonomic}
     bool SegmentedCodeCache                       = true                                      {product} {ergonomic}
     bool ShowCodeDetailsInExceptionMessages       = true                                   {manageable} {command line}
   size_t SoftMaxHeapSize                          = 2116026368                             {manageable} {ergonomic}
     bool UseCompressedClassPointers               = true                           {product lp64_product} {ergonomic}
     bool UseCompressedOops                        = true                           {product lp64_product} {ergonomic}
     bool UseG1GC                                  = true                                      {product} {ergonomic}
     bool UseLargePagesIndividualAllocation        = false                                  {pd product} {ergonomic}

Logging:
Log output configuration:
 #0: stdout all=warning uptime,level,tags
 #1: stderr all=off uptime,level,tags

Environment Variables:
PATH=C:/eclipse//plugins/org.eclipse.justj.openjdk.hotspot.jre.full.win32.x86_64_17.0.7.v20230425-1502/jre/bin/server;C:/eclipse//plugins/org.eclipse.justj.openjdk.hotspot.jre.full.win32.x86_64_17.0.7.v20230425-1502/jre/bin;C:\Program Files\Common Files\Oracle\Java\javapath;C:\Program Files\Python311\Scripts\;C:\Program Files\Python311\;C:\windows\system32;C:\windows;C:\windows\System32\Wbem;C:\windows\System32\WindowsPowerShell\v1.0\;C:\windows\System32\OpenSSH\;C:\Program Files\dotnet\;C:\Program Files\Microsoft SQL Server\120\Tools\Binn\;C:\Program Files\Common Files\Autodesk Shared\;C:\Program Files\nodejs\;C:\Users\12723131891\AppData\Local\Microsoft\WindowsApps;C:\Users\12723131891\AppData\Local\Programs\Microsoft VS Code\bin;C:\ProgramData\12723131891\GitHubDesktop\bin;C:\eclipse;
USERNAME=12723131891
OS=Windows_NT
PROCESSOR_IDENTIFIER=Intel64 Family 6 Model 94 Stepping 3, GenuineIntel
TMP=C:\Users\127231~3\AppData\Local\Temp
TEMP=C:\Users\127231~3\AppData\Local\Temp



---------------  S Y S T E M  ---------------

OS:
 Windows 10 , 64 bit Build 19041 (10.0.19041.3636)
OS uptime: 6 days 1:41 hours

CPU: total 8 (initial active 8) (4 cores per cpu, 2 threads per core) family 6 model 94 stepping 3 microcode 0xcc, cx8, cmov, fxsr, ht, mmx, 3dnowpref, sse, sse2, sse3, ssse3, sse4.1, sse4.2, popcnt, lzcnt, tsc, tscinvbit, avx, avx2, aes, erms, clmul, bmi1, bmi2, rtm, adx, fma, vzeroupper, clflush, clflushopt

Memory: 4k page, system-wide physical 8071M (1316M free)
TotalPageFile size 12167M (AvailPageFile size 2M)
current process WorkingSet (physical memory assigned to process): 40M, peak: 41M
current process commit charge ("private bytes"): 207M, peak: 208M

vm_info: OpenJDK 64-Bit Server VM (17.0.7+7) for windows-amd64 JRE (17.0.7+7), built on Apr 18 2023 22:10:42 by "temurin" with MS VC++ 16.7 (VS2019)

END.
